<?xml version="1.0" encoding="UTF-8"?>
<testsuite name="com.practice.springbootvalidation.api.ValidationControllerFeatureTest" tests="7" skipped="0" failures="0" errors="0" timestamp="2022-07-08T02:45:07" hostname="MGC12FG5ZXMD6N.fbpld77.ford.com" time="0.684">
  <properties/>
  <testcase name="playerLookup_returns400Response_whenAuthorizationHeaderRegexIsInvalid()" classname="com.practice.springbootvalidation.api.ValidationControllerFeatureTest" time="0.622"/>
  <testcase name="playerLookup_returns415Response_whenMediaTypeIsInvalid()" classname="com.practice.springbootvalidation.api.ValidationControllerFeatureTest" time="0.006"/>
  <testcase name="playerLookup_returns400Response_whenFirstNameInRequestBodyIsEmpty()" classname="com.practice.springbootvalidation.api.ValidationControllerFeatureTest" time="0.01"/>
  <testcase name="playerLookup_returns400Response_whenFirstNameInRequestBodyIsInvalidSize()" classname="com.practice.springbootvalidation.api.ValidationControllerFeatureTest" time="0.008"/>
  <testcase name="playerLookup_returns400Response_whenFirstNameInRequestBodyIsInvalid()" classname="com.practice.springbootvalidation.api.ValidationControllerFeatureTest" time="0.007"/>
  <testcase name="playerLookup_returns405Response_whenMethodDoesntExist()" classname="com.practice.springbootvalidation.api.ValidationControllerFeatureTest" time="0.004"/>
  <testcase name="playerLookup_returns200Response()" classname="com.practice.springbootvalidation.api.ValidationControllerFeatureTest" time="0.019"/>
  <system-out><![CDATA[22:45:02.705 [Test worker] DEBUG org.springframework.test.context.BootstrapUtils - Instantiating CacheAwareContextLoaderDelegate from class [org.springframework.test.context.cache.DefaultCacheAwareContextLoaderDelegate]
22:45:02.713 [Test worker] DEBUG org.springframework.test.context.BootstrapUtils - Instantiating BootstrapContext using constructor [public org.springframework.test.context.support.DefaultBootstrapContext(java.lang.Class,org.springframework.test.context.CacheAwareContextLoaderDelegate)]
22:45:02.756 [Test worker] DEBUG org.springframework.test.context.BootstrapUtils - Instantiating TestContextBootstrapper for test class [com.practice.springbootvalidation.api.ValidationControllerFeatureTest] from class [org.springframework.boot.test.autoconfigure.web.servlet.WebMvcTestContextBootstrapper]
22:45:02.764 [Test worker] INFO org.springframework.boot.test.autoconfigure.web.servlet.WebMvcTestContextBootstrapper - Neither @ContextConfiguration nor @ContextHierarchy found for test class [com.practice.springbootvalidation.api.ValidationControllerFeatureTest], using SpringBootContextLoader
22:45:02.767 [Test worker] DEBUG org.springframework.test.context.support.AbstractContextLoader - Did not detect default resource location for test class [com.practice.springbootvalidation.api.ValidationControllerFeatureTest]: class path resource [com/practice/springbootvalidation/api/ValidationControllerFeatureTest-context.xml] does not exist
22:45:02.767 [Test worker] DEBUG org.springframework.test.context.support.AbstractContextLoader - Did not detect default resource location for test class [com.practice.springbootvalidation.api.ValidationControllerFeatureTest]: class path resource [com/practice/springbootvalidation/api/ValidationControllerFeatureTestContext.groovy] does not exist
22:45:02.768 [Test worker] INFO org.springframework.test.context.support.AbstractContextLoader - Could not detect default resource locations for test class [com.practice.springbootvalidation.api.ValidationControllerFeatureTest]: no resource found for suffixes {-context.xml, Context.groovy}.
22:45:02.768 [Test worker] INFO org.springframework.test.context.support.AnnotationConfigContextLoaderUtils - Could not detect default configuration classes for test class [com.practice.springbootvalidation.api.ValidationControllerFeatureTest]: ValidationControllerFeatureTest does not declare any static, non-private, non-final, nested classes annotated with @Configuration.
22:45:02.831 [Test worker] DEBUG org.springframework.test.context.support.ActiveProfilesUtils - Could not find an 'annotation declaring class' for annotation type [org.springframework.test.context.ActiveProfiles] and class [com.practice.springbootvalidation.api.ValidationControllerFeatureTest]
22:45:02.911 [Test worker] DEBUG org.springframework.context.annotation.ClassPathScanningCandidateComponentProvider - Identified candidate component class: file [/Users/mseman4/personal_workspace/spring-boot-validation/build/classes/java/main/com/practice/springbootvalidation/SpringBootValidationApplication.class]
22:45:02.911 [Test worker] INFO org.springframework.boot.test.context.SpringBootTestContextBootstrapper - Found @SpringBootConfiguration com.practice.springbootvalidation.SpringBootValidationApplication for test class com.practice.springbootvalidation.api.ValidationControllerFeatureTest
22:45:02.914 [Test worker] DEBUG org.springframework.boot.test.autoconfigure.web.servlet.WebMvcTestContextBootstrapper - @TestExecutionListeners is not present for class [com.practice.springbootvalidation.api.ValidationControllerFeatureTest]: using defaults.
22:45:02.915 [Test worker] INFO org.springframework.boot.test.autoconfigure.web.servlet.WebMvcTestContextBootstrapper - Loaded default TestExecutionListener class names from location [META-INF/spring.factories]: [org.springframework.boot.test.autoconfigure.restdocs.RestDocsTestExecutionListener, org.springframework.boot.test.autoconfigure.web.client.MockRestServiceServerResetTestExecutionListener, org.springframework.boot.test.autoconfigure.web.servlet.MockMvcPrintOnlyOnFailureTestExecutionListener, org.springframework.boot.test.autoconfigure.web.servlet.WebDriverTestExecutionListener, org.springframework.boot.test.autoconfigure.webservices.client.MockWebServiceServerTestExecutionListener, org.springframework.boot.test.mock.mockito.MockitoTestExecutionListener, org.springframework.boot.test.mock.mockito.ResetMocksTestExecutionListener, org.springframework.test.context.web.ServletTestExecutionListener, org.springframework.test.context.support.DirtiesContextBeforeModesTestExecutionListener, org.springframework.test.context.event.ApplicationEventsTestExecutionListener, org.springframework.test.context.support.DependencyInjectionTestExecutionListener, org.springframework.test.context.support.DirtiesContextTestExecutionListener, org.springframework.test.context.transaction.TransactionalTestExecutionListener, org.springframework.test.context.jdbc.SqlScriptsTestExecutionListener, org.springframework.test.context.event.EventPublishingTestExecutionListener]
22:45:02.924 [Test worker] DEBUG org.springframework.boot.test.autoconfigure.web.servlet.WebMvcTestContextBootstrapper - Skipping candidate TestExecutionListener [org.springframework.test.context.transaction.TransactionalTestExecutionListener] due to a missing dependency. Specify custom listener classes or make the default listener classes and their required dependencies available. Offending class: [org/springframework/transaction/TransactionDefinition]
22:45:02.925 [Test worker] DEBUG org.springframework.boot.test.autoconfigure.web.servlet.WebMvcTestContextBootstrapper - Skipping candidate TestExecutionListener [org.springframework.test.context.jdbc.SqlScriptsTestExecutionListener] due to a missing dependency. Specify custom listener classes or make the default listener classes and their required dependencies available. Offending class: [org/springframework/transaction/interceptor/TransactionAttribute]
22:45:02.925 [Test worker] INFO org.springframework.boot.test.autoconfigure.web.servlet.WebMvcTestContextBootstrapper - Using TestExecutionListeners: [org.springframework.test.context.web.ServletTestExecutionListener@2c177f9e, org.springframework.test.context.support.DirtiesContextBeforeModesTestExecutionListener@5db4c359, org.springframework.test.context.event.ApplicationEventsTestExecutionListener@209775a9, org.springframework.boot.test.mock.mockito.MockitoTestExecutionListener@18e7143f, org.springframework.boot.test.autoconfigure.SpringBootDependencyInjectionTestExecutionListener@f9b7332, org.springframework.test.context.support.DirtiesContextTestExecutionListener@74cec793, org.springframework.test.context.event.EventPublishingTestExecutionListener@6fefce9e, org.springframework.boot.test.autoconfigure.restdocs.RestDocsTestExecutionListener@4f8969b0, org.springframework.boot.test.autoconfigure.web.client.MockRestServiceServerResetTestExecutionListener@1bdf8190, org.springframework.boot.test.autoconfigure.web.servlet.MockMvcPrintOnlyOnFailureTestExecutionListener@192f2f27, org.springframework.boot.test.autoconfigure.web.servlet.WebDriverTestExecutionListener@8a589a2, org.springframework.boot.test.autoconfigure.webservices.client.MockWebServiceServerTestExecutionListener@c65a5ef, org.springframework.boot.test.mock.mockito.ResetMocksTestExecutionListener@6b5176f2]
22:45:02.928 [Test worker] DEBUG org.springframework.test.context.support.AbstractDirtiesContextTestExecutionListener - Before test class: context [DefaultTestContext@4089713 testClass = ValidationControllerFeatureTest, testInstance = [null], testMethod = [null], testException = [null], mergedContextConfiguration = [WebMergedContextConfiguration@f19c9d2 testClass = ValidationControllerFeatureTest, locations = '{}', classes = '{class com.practice.springbootvalidation.SpringBootValidationApplication}', contextInitializerClasses = '[]', activeProfiles = '{}', propertySourceLocations = '{}', propertySourceProperties = '{org.springframework.boot.test.autoconfigure.web.servlet.WebMvcTestContextBootstrapper=true}', contextCustomizers = set[org.springframework.boot.test.autoconfigure.OverrideAutoConfigurationContextCustomizerFactory$DisableAutoConfigurationContextCustomizer@4a891c97, org.springframework.boot.test.autoconfigure.actuate.metrics.MetricsExportContextCustomizerFactory$DisableMetricExportContextCustomizer@2313052e, org.springframework.boot.test.autoconfigure.filter.TypeExcludeFiltersContextCustomizer@dc344f11, org.springframework.boot.test.autoconfigure.properties.PropertyMappingContextCustomizer@e5a1afd0, org.springframework.boot.test.autoconfigure.web.servlet.WebDriverContextCustomizerFactory$Customizer@f73dcd6, [ImportsContextCustomizer@7807ac2c key = [org.springframework.boot.autoconfigure.cache.CacheAutoConfiguration, org.springframework.boot.autoconfigure.context.MessageSourceAutoConfiguration, org.springframework.boot.autoconfigure.data.web.SpringDataWebAutoConfiguration, org.springframework.boot.autoconfigure.freemarker.FreeMarkerAutoConfiguration, org.springframework.boot.autoconfigure.groovy.template.GroovyTemplateAutoConfiguration, org.springframework.boot.autoconfigure.gson.GsonAutoConfiguration, org.springframework.boot.autoconfigure.hateoas.HypermediaAutoConfiguration, org.springframework.boot.autoconfigure.http.HttpMessageConvertersAutoConfiguration, org.springframework.boot.autoconfigure.jackson.JacksonAutoConfiguration, org.springframework.boot.autoconfigure.jsonb.JsonbAutoConfiguration, org.springframework.boot.autoconfigure.mustache.MustacheAutoConfiguration, org.springframework.boot.autoconfigure.task.TaskExecutionAutoConfiguration, org.springframework.boot.autoconfigure.thymeleaf.ThymeleafAutoConfiguration, org.springframework.boot.autoconfigure.validation.ValidationAutoConfiguration, org.springframework.boot.autoconfigure.web.servlet.error.ErrorMvcAutoConfiguration, org.springframework.boot.autoconfigure.web.servlet.HttpEncodingAutoConfiguration, org.springframework.boot.autoconfigure.web.servlet.WebMvcAutoConfiguration, org.springframework.boot.test.autoconfigure.web.servlet.MockMvcAutoConfiguration, org.springframework.boot.test.autoconfigure.web.servlet.MockMvcWebClientAutoConfiguration, org.springframework.boot.test.autoconfigure.web.servlet.MockMvcWebDriverAutoConfiguration, org.springframework.boot.autoconfigure.security.oauth2.client.servlet.OAuth2ClientAutoConfiguration, org.springframework.boot.autoconfigure.security.oauth2.resource.servlet.OAuth2ResourceServerAutoConfiguration, org.springframework.boot.autoconfigure.security.servlet.SecurityAutoConfiguration, org.springframework.boot.autoconfigure.security.servlet.SecurityFilterAutoConfiguration, org.springframework.boot.autoconfigure.security.servlet.UserDetailsServiceAutoConfiguration, org.springframework.boot.test.autoconfigure.web.servlet.MockMvcSecurityConfiguration, org.springframework.boot.test.autoconfigure.web.reactive.WebTestClientAutoConfiguration]], org.springframework.boot.test.context.filter.ExcludeFilterContextCustomizer@1623134f, org.springframework.boot.test.json.DuplicateJsonObjectContextCustomizerFactory$DuplicateJsonObjectContextCustomizer@25748410, org.springframework.boot.test.mock.mockito.MockitoContextCustomizer@0, org.springframework.boot.test.context.SpringBootTestArgs@1, org.springframework.boot.test.context.SpringBootTestWebEnvironment@0], resourceBasePath = 'src/main/webapp', contextLoader = 'org.springframework.boot.test.context.SpringBootContextLoader', parent = [null]], attributes = map[[empty]]], class annotated with @DirtiesContext [false] with mode [null].
22:45:02.939 [Test worker] DEBUG org.springframework.test.context.support.DependencyInjectionTestExecutionListener - Performing dependency injection for test context [[DefaultTestContext@4089713 testClass = ValidationControllerFeatureTest, testInstance = com.practice.springbootvalidation.api.ValidationControllerFeatureTest@30ed9c6c, testMethod = [null], testException = [null], mergedContextConfiguration = [WebMergedContextConfiguration@f19c9d2 testClass = ValidationControllerFeatureTest, locations = '{}', classes = '{class com.practice.springbootvalidation.SpringBootValidationApplication}', contextInitializerClasses = '[]', activeProfiles = '{}', propertySourceLocations = '{}', propertySourceProperties = '{org.springframework.boot.test.autoconfigure.web.servlet.WebMvcTestContextBootstrapper=true}', contextCustomizers = set[org.springframework.boot.test.autoconfigure.OverrideAutoConfigurationContextCustomizerFactory$DisableAutoConfigurationContextCustomizer@4a891c97, org.springframework.boot.test.autoconfigure.actuate.metrics.MetricsExportContextCustomizerFactory$DisableMetricExportContextCustomizer@2313052e, org.springframework.boot.test.autoconfigure.filter.TypeExcludeFiltersContextCustomizer@dc344f11, org.springframework.boot.test.autoconfigure.properties.PropertyMappingContextCustomizer@e5a1afd0, org.springframework.boot.test.autoconfigure.web.servlet.WebDriverContextCustomizerFactory$Customizer@f73dcd6, [ImportsContextCustomizer@7807ac2c key = [org.springframework.boot.autoconfigure.cache.CacheAutoConfiguration, org.springframework.boot.autoconfigure.context.MessageSourceAutoConfiguration, org.springframework.boot.autoconfigure.data.web.SpringDataWebAutoConfiguration, org.springframework.boot.autoconfigure.freemarker.FreeMarkerAutoConfiguration, org.springframework.boot.autoconfigure.groovy.template.GroovyTemplateAutoConfiguration, org.springframework.boot.autoconfigure.gson.GsonAutoConfiguration, org.springframework.boot.autoconfigure.hateoas.HypermediaAutoConfiguration, org.springframework.boot.autoconfigure.http.HttpMessageConvertersAutoConfiguration, org.springframework.boot.autoconfigure.jackson.JacksonAutoConfiguration, org.springframework.boot.autoconfigure.jsonb.JsonbAutoConfiguration, org.springframework.boot.autoconfigure.mustache.MustacheAutoConfiguration, org.springframework.boot.autoconfigure.task.TaskExecutionAutoConfiguration, org.springframework.boot.autoconfigure.thymeleaf.ThymeleafAutoConfiguration, org.springframework.boot.autoconfigure.validation.ValidationAutoConfiguration, org.springframework.boot.autoconfigure.web.servlet.error.ErrorMvcAutoConfiguration, org.springframework.boot.autoconfigure.web.servlet.HttpEncodingAutoConfiguration, org.springframework.boot.autoconfigure.web.servlet.WebMvcAutoConfiguration, org.springframework.boot.test.autoconfigure.web.servlet.MockMvcAutoConfiguration, org.springframework.boot.test.autoconfigure.web.servlet.MockMvcWebClientAutoConfiguration, org.springframework.boot.test.autoconfigure.web.servlet.MockMvcWebDriverAutoConfiguration, org.springframework.boot.autoconfigure.security.oauth2.client.servlet.OAuth2ClientAutoConfiguration, org.springframework.boot.autoconfigure.security.oauth2.resource.servlet.OAuth2ResourceServerAutoConfiguration, org.springframework.boot.autoconfigure.security.servlet.SecurityAutoConfiguration, org.springframework.boot.autoconfigure.security.servlet.SecurityFilterAutoConfiguration, org.springframework.boot.autoconfigure.security.servlet.UserDetailsServiceAutoConfiguration, org.springframework.boot.test.autoconfigure.web.servlet.MockMvcSecurityConfiguration, org.springframework.boot.test.autoconfigure.web.reactive.WebTestClientAutoConfiguration]], org.springframework.boot.test.context.filter.ExcludeFilterContextCustomizer@1623134f, org.springframework.boot.test.json.DuplicateJsonObjectContextCustomizerFactory$DuplicateJsonObjectContextCustomizer@25748410, org.springframework.boot.test.mock.mockito.MockitoContextCustomizer@0, org.springframework.boot.test.context.SpringBootTestArgs@1, org.springframework.boot.test.context.SpringBootTestWebEnvironment@0], resourceBasePath = 'src/main/webapp', contextLoader = 'org.springframework.boot.test.context.SpringBootContextLoader', parent = [null]], attributes = map['org.springframework.test.context.event.ApplicationEventsTestExecutionListener.recordApplicationEvents' -> false]]].

  .   ____          _            __ _ _
 /\\ / ___'_ __ _ _(_)_ __  __ _ \ \ \ \
( ( )\___ | '_ | '_| | '_ \/ _` | \ \ \ \
 \\/  ___)| |_)| | | | | || (_| |  ) ) ) )
  '  |____| .__|_| |_|_| |_\__, | / / / /
 =========|_|==============|___/=/_/_/_/
 :: Spring Boot ::                (v2.7.1)

2022-07-07 22:45:06.398  INFO 18826 --- [    Test worker] c.p.s.a.ValidationControllerFeatureTest  : Starting ValidationControllerFeatureTest using Java 11.0.12 on MGC12FG5ZXMD6N.fbpld77.ford.com with PID 18826 (started by mseman4 in /Users/mseman4/personal_workspace/spring-boot-validation)
2022-07-07 22:45:06.399  INFO 18826 --- [    Test worker] c.p.s.a.ValidationControllerFeatureTest  : No active profile set, falling back to 1 default profile: "default"
2022-07-07 22:45:07.267  INFO 18826 --- [    Test worker] o.s.b.t.m.w.SpringBootMockServletContext : Initializing Spring TestDispatcherServlet ''
2022-07-07 22:45:07.267  INFO 18826 --- [    Test worker] o.s.t.web.servlet.TestDispatcherServlet  : Initializing Servlet ''
2022-07-07 22:45:07.268  INFO 18826 --- [    Test worker] o.s.t.web.servlet.TestDispatcherServlet  : Completed initialization in 1 ms
2022-07-07 22:45:07.298  INFO 18826 --- [    Test worker] c.p.s.a.ValidationControllerFeatureTest  : Started ValidationControllerFeatureTest in 4.321 seconds (JVM running for 5.233)
2022-07-07 22:45:07.669  INFO 18826 --- [    Test worker] o.s.b.t.m.w.SpringBootMockServletContext : Initializing Spring TestDispatcherServlet ''
2022-07-07 22:45:07.669  INFO 18826 --- [    Test worker] o.s.t.web.servlet.TestDispatcherServlet  : Initializing Servlet ''
2022-07-07 22:45:07.670  INFO 18826 --- [    Test worker] o.s.t.web.servlet.TestDispatcherServlet  : Completed initialization in 1 ms
2022-07-07 22:45:07.884 ERROR 18826 --- [    Test worker] c.p.s.e.ErrorHandlingControllerAdvice    : ConstraintViolationException happened: Invalid Password - Mooo
2022-07-07 22:45:07.937  INFO 18826 --- [    Test worker] o.s.b.t.m.w.SpringBootMockServletContext : Initializing Spring TestDispatcherServlet ''
2022-07-07 22:45:07.937  INFO 18826 --- [    Test worker] o.s.t.web.servlet.TestDispatcherServlet  : Initializing Servlet ''
2022-07-07 22:45:07.937  INFO 18826 --- [    Test worker] o.s.t.web.servlet.TestDispatcherServlet  : Completed initialization in 0 ms
2022-07-07 22:45:07.939 ERROR 18826 --- [    Test worker] c.p.s.e.ErrorHandlingControllerAdvice    : HttpMediaTypeNotSupportedException happened: Content type 'application/xml' not supported
2022-07-07 22:45:07.943  INFO 18826 --- [    Test worker] o.s.b.t.m.w.SpringBootMockServletContext : Initializing Spring TestDispatcherServlet ''
2022-07-07 22:45:07.944  INFO 18826 --- [    Test worker] o.s.t.web.servlet.TestDispatcherServlet  : Initializing Servlet ''
2022-07-07 22:45:07.944  INFO 18826 --- [    Test worker] o.s.t.web.servlet.TestDispatcherServlet  : Completed initialization in 0 ms
2022-07-07 22:45:07.948 ERROR 18826 --- [    Test worker] c.p.s.e.ErrorHandlingControllerAdvice    : MethodArgumentNotValidException happened: Your first name cannot be empty
2022-07-07 22:45:07.955  INFO 18826 --- [    Test worker] o.s.b.t.m.w.SpringBootMockServletContext : Initializing Spring TestDispatcherServlet ''
2022-07-07 22:45:07.956  INFO 18826 --- [    Test worker] o.s.t.web.servlet.TestDispatcherServlet  : Initializing Servlet ''
2022-07-07 22:45:07.956  INFO 18826 --- [    Test worker] o.s.t.web.servlet.TestDispatcherServlet  : Completed initialization in 0 ms
2022-07-07 22:45:07.958 ERROR 18826 --- [    Test worker] c.p.s.e.ErrorHandlingControllerAdvice    : MethodArgumentNotValidException happened: Your first name is too large
2022-07-07 22:45:07.965  INFO 18826 --- [    Test worker] o.s.b.t.m.w.SpringBootMockServletContext : Initializing Spring TestDispatcherServlet ''
2022-07-07 22:45:07.965  INFO 18826 --- [    Test worker] o.s.t.web.servlet.TestDispatcherServlet  : Initializing Servlet ''
2022-07-07 22:45:07.966  INFO 18826 --- [    Test worker] o.s.t.web.servlet.TestDispatcherServlet  : Completed initialization in 1 ms
2022-07-07 22:45:07.968 ERROR 18826 --- [    Test worker] c.p.s.e.ErrorHandlingControllerAdvice    : MethodArgumentNotValidException happened: Your first name is invalid
2022-07-07 22:45:07.973  INFO 18826 --- [    Test worker] o.s.b.t.m.w.SpringBootMockServletContext : Initializing Spring TestDispatcherServlet ''
2022-07-07 22:45:07.973  INFO 18826 --- [    Test worker] o.s.t.web.servlet.TestDispatcherServlet  : Initializing Servlet ''
2022-07-07 22:45:07.973  INFO 18826 --- [    Test worker] o.s.t.web.servlet.TestDispatcherServlet  : Completed initialization in 0 ms
2022-07-07 22:45:07.974 ERROR 18826 --- [    Test worker] c.p.s.e.ErrorHandlingControllerAdvice    : HttpRequestMethodNotSupportedException happened: Request method 'DELETE' not supported
2022-07-07 22:45:07.978  INFO 18826 --- [    Test worker] o.s.b.t.m.w.SpringBootMockServletContext : Initializing Spring TestDispatcherServlet ''
2022-07-07 22:45:07.978  INFO 18826 --- [    Test worker] o.s.t.web.servlet.TestDispatcherServlet  : Initializing Servlet ''
2022-07-07 22:45:07.979  INFO 18826 --- [    Test worker] o.s.t.web.servlet.TestDispatcherServlet  : Completed initialization in 1 ms
]]></system-out>
  <system-err><![CDATA[]]></system-err>
</testsuite>
