<?xml version="1.0" encoding="UTF-8"?>
<testsuite name="com.practice.springbootvalidation.api.ValidationControllerFeatureTest" tests="13" skipped="0" failures="0" errors="0" timestamp="2022-07-10T20:27:57" hostname="MGC12FG5ZXMD6N.fbpld77.ford.com" time="0.664">
  <properties/>
  <testcase name="playerLookup_returns400Response_whenAuthorizationHeaderRegexIsInvalid()" classname="com.practice.springbootvalidation.api.ValidationControllerFeatureTest" time="0.494"/>
  <testcase name="playerLookup_returns415Response_whenMediaTypeIsInvalid()" classname="com.practice.springbootvalidation.api.ValidationControllerFeatureTest" time="0.006"/>
  <testcase name="playerLookup_returns400Response_whenSquadAndTeamAreProvided()" classname="com.practice.springbootvalidation.api.ValidationControllerFeatureTest" time="0.006"/>
  <testcase name="playerLookup_returns400Response_whenFirstNameInRequestBodyIsEmpty()" classname="com.practice.springbootvalidation.api.ValidationControllerFeatureTest" time="0.006"/>
  <testcase name="playerLookup_returns400Response_whenFirstNameInRequestBodyIsInvalidSize()" classname="com.practice.springbootvalidation.api.ValidationControllerFeatureTest" time="0.005"/>
  <testcase name="multiplePLayerLookup_returns400Response_whenListExceedsSizeOfFive()" classname="com.practice.springbootvalidation.api.ValidationControllerFeatureTest" time="0.033"/>
  <testcase name="playerLookup_returns400Response_whenSquadAndTeamAreNotProvided()" classname="com.practice.springbootvalidation.api.ValidationControllerFeatureTest" time="0.009"/>
  <testcase name="multiplePLayerLookup_returns400Response_whenListIsEmpty()" classname="com.practice.springbootvalidation.api.ValidationControllerFeatureTest" time="0.008"/>
  <testcase name="playerLookup_returns400Response_whenFirstNameInRequestBodyIsInvalid()" classname="com.practice.springbootvalidation.api.ValidationControllerFeatureTest" time="0.007"/>
  <testcase name="playerLookup_returns405Response_whenMethodDoesntExist()" classname="com.practice.springbootvalidation.api.ValidationControllerFeatureTest" time="0.01"/>
  <testcase name="multiplePLayerLookup_returns207Response_whenThereAreSuccessfulAndFailureRequests()" classname="com.practice.springbootvalidation.api.ValidationControllerFeatureTest" time="0.039"/>
  <testcase name="multiplePLayerLookup_returnsSuccess()" classname="com.practice.springbootvalidation.api.ValidationControllerFeatureTest" time="0.014"/>
  <testcase name="playerLookup_returns200Response()" classname="com.practice.springbootvalidation.api.ValidationControllerFeatureTest" time="0.005"/>
  <system-out><![CDATA[16:27:55.892 [Test worker] DEBUG org.springframework.test.context.BootstrapUtils - Instantiating CacheAwareContextLoaderDelegate from class [org.springframework.test.context.cache.DefaultCacheAwareContextLoaderDelegate]
16:27:55.900 [Test worker] DEBUG org.springframework.test.context.BootstrapUtils - Instantiating BootstrapContext using constructor [public org.springframework.test.context.support.DefaultBootstrapContext(java.lang.Class,org.springframework.test.context.CacheAwareContextLoaderDelegate)]
16:27:55.929 [Test worker] DEBUG org.springframework.test.context.BootstrapUtils - Instantiating TestContextBootstrapper for test class [com.practice.springbootvalidation.api.ValidationControllerFeatureTest] from class [org.springframework.boot.test.autoconfigure.web.servlet.WebMvcTestContextBootstrapper]
16:27:55.941 [Test worker] DEBUG org.springframework.test.context.support.AbstractContextLoader - Did not detect default resource location for test class [com.practice.springbootvalidation.api.ValidationControllerFeatureTest]: class path resource [com/practice/springbootvalidation/api/ValidationControllerFeatureTest-context.xml] does not exist
16:27:55.941 [Test worker] DEBUG org.springframework.test.context.support.AbstractContextLoader - Did not detect default resource location for test class [com.practice.springbootvalidation.api.ValidationControllerFeatureTest]: class path resource [com/practice/springbootvalidation/api/ValidationControllerFeatureTestContext.groovy] does not exist
16:27:55.941 [Test worker] INFO org.springframework.test.context.support.AbstractContextLoader - Could not detect default resource locations for test class [com.practice.springbootvalidation.api.ValidationControllerFeatureTest]: no resource found for suffixes {-context.xml, Context.groovy}.
16:27:55.994 [Test worker] DEBUG org.springframework.test.context.support.ActiveProfilesUtils - Could not find an 'annotation declaring class' for annotation type [org.springframework.test.context.ActiveProfiles] and class [com.practice.springbootvalidation.api.ValidationControllerFeatureTest]
16:27:56.004 [Test worker] DEBUG org.springframework.boot.test.autoconfigure.web.servlet.WebMvcTestContextBootstrapper - @TestExecutionListeners is not present for class [com.practice.springbootvalidation.api.ValidationControllerFeatureTest]: using defaults.
16:27:56.004 [Test worker] INFO org.springframework.boot.test.autoconfigure.web.servlet.WebMvcTestContextBootstrapper - Loaded default TestExecutionListener class names from location [META-INF/spring.factories]: [org.springframework.boot.test.autoconfigure.restdocs.RestDocsTestExecutionListener, org.springframework.boot.test.autoconfigure.web.client.MockRestServiceServerResetTestExecutionListener, org.springframework.boot.test.autoconfigure.web.servlet.MockMvcPrintOnlyOnFailureTestExecutionListener, org.springframework.boot.test.autoconfigure.web.servlet.WebDriverTestExecutionListener, org.springframework.boot.test.autoconfigure.webservices.client.MockWebServiceServerTestExecutionListener, org.springframework.boot.test.mock.mockito.MockitoTestExecutionListener, org.springframework.boot.test.mock.mockito.ResetMocksTestExecutionListener, org.springframework.test.context.web.ServletTestExecutionListener, org.springframework.test.context.support.DirtiesContextBeforeModesTestExecutionListener, org.springframework.test.context.event.ApplicationEventsTestExecutionListener, org.springframework.test.context.support.DependencyInjectionTestExecutionListener, org.springframework.test.context.support.DirtiesContextTestExecutionListener, org.springframework.test.context.transaction.TransactionalTestExecutionListener, org.springframework.test.context.jdbc.SqlScriptsTestExecutionListener, org.springframework.test.context.event.EventPublishingTestExecutionListener]
16:27:56.013 [Test worker] DEBUG org.springframework.boot.test.autoconfigure.web.servlet.WebMvcTestContextBootstrapper - Skipping candidate TestExecutionListener [org.springframework.test.context.transaction.TransactionalTestExecutionListener] due to a missing dependency. Specify custom listener classes or make the default listener classes and their required dependencies available. Offending class: [org/springframework/transaction/interceptor/TransactionAttributeSource]
16:27:56.014 [Test worker] DEBUG org.springframework.boot.test.autoconfigure.web.servlet.WebMvcTestContextBootstrapper - Skipping candidate TestExecutionListener [org.springframework.test.context.jdbc.SqlScriptsTestExecutionListener] due to a missing dependency. Specify custom listener classes or make the default listener classes and their required dependencies available. Offending class: [org/springframework/transaction/interceptor/TransactionAttribute]
16:27:56.014 [Test worker] INFO org.springframework.boot.test.autoconfigure.web.servlet.WebMvcTestContextBootstrapper - Using TestExecutionListeners: [org.springframework.test.context.web.ServletTestExecutionListener@acb0951, org.springframework.test.context.support.DirtiesContextBeforeModesTestExecutionListener@5bf22f18, org.springframework.test.context.event.ApplicationEventsTestExecutionListener@267f474e, org.springframework.boot.test.mock.mockito.MockitoTestExecutionListener@7a7471ce, org.springframework.boot.test.autoconfigure.SpringBootDependencyInjectionTestExecutionListener@28276e50, org.springframework.test.context.support.DirtiesContextTestExecutionListener@62e70ea3, org.springframework.test.context.event.EventPublishingTestExecutionListener@3efe7086, org.springframework.boot.test.autoconfigure.restdocs.RestDocsTestExecutionListener@675d8c96, org.springframework.boot.test.autoconfigure.web.client.MockRestServiceServerResetTestExecutionListener@741b3bc3, org.springframework.boot.test.autoconfigure.web.servlet.MockMvcPrintOnlyOnFailureTestExecutionListener@2ed3b1f5, org.springframework.boot.test.autoconfigure.web.servlet.WebDriverTestExecutionListener@63648ee9, org.springframework.boot.test.autoconfigure.webservices.client.MockWebServiceServerTestExecutionListener@68d6972f, org.springframework.boot.test.mock.mockito.ResetMocksTestExecutionListener@45be7cd5]
16:27:56.018 [Test worker] DEBUG org.springframework.test.context.support.AbstractDirtiesContextTestExecutionListener - Before test class: context [DefaultTestContext@2a39fe6a testClass = ValidationControllerFeatureTest, testInstance = [null], testMethod = [null], testException = [null], mergedContextConfiguration = [WebMergedContextConfiguration@410ae9a3 testClass = ValidationControllerFeatureTest, locations = '{}', classes = '{class com.practice.springbootvalidation.service.ValidateMultipleRequestService, class com.practice.springbootvalidation.api.ValidationController, class com.practice.springbootvalidation.errorhandling.ErrorHandlingControllerAdvice}', contextInitializerClasses = '[]', activeProfiles = '{}', propertySourceLocations = '{}', propertySourceProperties = '{org.springframework.boot.test.autoconfigure.web.servlet.WebMvcTestContextBootstrapper=true}', contextCustomizers = set[org.springframework.boot.test.autoconfigure.OverrideAutoConfigurationContextCustomizerFactory$DisableAutoConfigurationContextCustomizer@57eda880, org.springframework.boot.test.autoconfigure.actuate.metrics.MetricsExportContextCustomizerFactory$DisableMetricExportContextCustomizer@7c209437, org.springframework.boot.test.autoconfigure.filter.TypeExcludeFiltersContextCustomizer@256b4fa0, org.springframework.boot.test.autoconfigure.properties.PropertyMappingContextCustomizer@448d8ae, org.springframework.boot.test.autoconfigure.web.servlet.WebDriverContextCustomizerFactory$Customizer@55b5f5d2, [ImportsContextCustomizer@319988b0 key = [org.springframework.boot.autoconfigure.cache.CacheAutoConfiguration, org.springframework.boot.autoconfigure.context.MessageSourceAutoConfiguration, org.springframework.boot.autoconfigure.data.web.SpringDataWebAutoConfiguration, org.springframework.boot.autoconfigure.freemarker.FreeMarkerAutoConfiguration, org.springframework.boot.autoconfigure.groovy.template.GroovyTemplateAutoConfiguration, org.springframework.boot.autoconfigure.gson.GsonAutoConfiguration, org.springframework.boot.autoconfigure.hateoas.HypermediaAutoConfiguration, org.springframework.boot.autoconfigure.http.HttpMessageConvertersAutoConfiguration, org.springframework.boot.autoconfigure.jackson.JacksonAutoConfiguration, org.springframework.boot.autoconfigure.jsonb.JsonbAutoConfiguration, org.springframework.boot.autoconfigure.mustache.MustacheAutoConfiguration, org.springframework.boot.autoconfigure.task.TaskExecutionAutoConfiguration, org.springframework.boot.autoconfigure.thymeleaf.ThymeleafAutoConfiguration, org.springframework.boot.autoconfigure.validation.ValidationAutoConfiguration, org.springframework.boot.autoconfigure.web.servlet.error.ErrorMvcAutoConfiguration, org.springframework.boot.autoconfigure.web.servlet.HttpEncodingAutoConfiguration, org.springframework.boot.autoconfigure.web.servlet.WebMvcAutoConfiguration, org.springframework.boot.test.autoconfigure.web.servlet.MockMvcAutoConfiguration, org.springframework.boot.test.autoconfigure.web.servlet.MockMvcWebClientAutoConfiguration, org.springframework.boot.test.autoconfigure.web.servlet.MockMvcWebDriverAutoConfiguration, org.springframework.boot.autoconfigure.security.oauth2.client.servlet.OAuth2ClientAutoConfiguration, org.springframework.boot.autoconfigure.security.oauth2.resource.servlet.OAuth2ResourceServerAutoConfiguration, org.springframework.boot.autoconfigure.security.servlet.SecurityAutoConfiguration, org.springframework.boot.autoconfigure.security.servlet.SecurityFilterAutoConfiguration, org.springframework.boot.autoconfigure.security.servlet.UserDetailsServiceAutoConfiguration, org.springframework.boot.test.autoconfigure.web.servlet.MockMvcSecurityConfiguration, org.springframework.boot.test.autoconfigure.web.reactive.WebTestClientAutoConfiguration]], org.springframework.boot.test.context.filter.ExcludeFilterContextCustomizer@3e34ace1, org.springframework.boot.test.json.DuplicateJsonObjectContextCustomizerFactory$DuplicateJsonObjectContextCustomizer@4de41af9, org.springframework.boot.test.mock.mockito.MockitoContextCustomizer@0, org.springframework.boot.test.context.SpringBootTestArgs@1, org.springframework.boot.test.context.SpringBootTestWebEnvironment@0], resourceBasePath = 'src/main/webapp', contextLoader = 'org.springframework.boot.test.context.SpringBootContextLoader', parent = [null]], attributes = map[[empty]]], class annotated with @DirtiesContext [false] with mode [null].
16:27:56.027 [Test worker] DEBUG org.springframework.test.context.support.DependencyInjectionTestExecutionListener - Performing dependency injection for test context [[DefaultTestContext@2a39fe6a testClass = ValidationControllerFeatureTest, testInstance = com.practice.springbootvalidation.api.ValidationControllerFeatureTest@52500920, testMethod = [null], testException = [null], mergedContextConfiguration = [WebMergedContextConfiguration@410ae9a3 testClass = ValidationControllerFeatureTest, locations = '{}', classes = '{class com.practice.springbootvalidation.service.ValidateMultipleRequestService, class com.practice.springbootvalidation.api.ValidationController, class com.practice.springbootvalidation.errorhandling.ErrorHandlingControllerAdvice}', contextInitializerClasses = '[]', activeProfiles = '{}', propertySourceLocations = '{}', propertySourceProperties = '{org.springframework.boot.test.autoconfigure.web.servlet.WebMvcTestContextBootstrapper=true}', contextCustomizers = set[org.springframework.boot.test.autoconfigure.OverrideAutoConfigurationContextCustomizerFactory$DisableAutoConfigurationContextCustomizer@57eda880, org.springframework.boot.test.autoconfigure.actuate.metrics.MetricsExportContextCustomizerFactory$DisableMetricExportContextCustomizer@7c209437, org.springframework.boot.test.autoconfigure.filter.TypeExcludeFiltersContextCustomizer@256b4fa0, org.springframework.boot.test.autoconfigure.properties.PropertyMappingContextCustomizer@448d8ae, org.springframework.boot.test.autoconfigure.web.servlet.WebDriverContextCustomizerFactory$Customizer@55b5f5d2, [ImportsContextCustomizer@319988b0 key = [org.springframework.boot.autoconfigure.cache.CacheAutoConfiguration, org.springframework.boot.autoconfigure.context.MessageSourceAutoConfiguration, org.springframework.boot.autoconfigure.data.web.SpringDataWebAutoConfiguration, org.springframework.boot.autoconfigure.freemarker.FreeMarkerAutoConfiguration, org.springframework.boot.autoconfigure.groovy.template.GroovyTemplateAutoConfiguration, org.springframework.boot.autoconfigure.gson.GsonAutoConfiguration, org.springframework.boot.autoconfigure.hateoas.HypermediaAutoConfiguration, org.springframework.boot.autoconfigure.http.HttpMessageConvertersAutoConfiguration, org.springframework.boot.autoconfigure.jackson.JacksonAutoConfiguration, org.springframework.boot.autoconfigure.jsonb.JsonbAutoConfiguration, org.springframework.boot.autoconfigure.mustache.MustacheAutoConfiguration, org.springframework.boot.autoconfigure.task.TaskExecutionAutoConfiguration, org.springframework.boot.autoconfigure.thymeleaf.ThymeleafAutoConfiguration, org.springframework.boot.autoconfigure.validation.ValidationAutoConfiguration, org.springframework.boot.autoconfigure.web.servlet.error.ErrorMvcAutoConfiguration, org.springframework.boot.autoconfigure.web.servlet.HttpEncodingAutoConfiguration, org.springframework.boot.autoconfigure.web.servlet.WebMvcAutoConfiguration, org.springframework.boot.test.autoconfigure.web.servlet.MockMvcAutoConfiguration, org.springframework.boot.test.autoconfigure.web.servlet.MockMvcWebClientAutoConfiguration, org.springframework.boot.test.autoconfigure.web.servlet.MockMvcWebDriverAutoConfiguration, org.springframework.boot.autoconfigure.security.oauth2.client.servlet.OAuth2ClientAutoConfiguration, org.springframework.boot.autoconfigure.security.oauth2.resource.servlet.OAuth2ResourceServerAutoConfiguration, org.springframework.boot.autoconfigure.security.servlet.SecurityAutoConfiguration, org.springframework.boot.autoconfigure.security.servlet.SecurityFilterAutoConfiguration, org.springframework.boot.autoconfigure.security.servlet.UserDetailsServiceAutoConfiguration, org.springframework.boot.test.autoconfigure.web.servlet.MockMvcSecurityConfiguration, org.springframework.boot.test.autoconfigure.web.reactive.WebTestClientAutoConfiguration]], org.springframework.boot.test.context.filter.ExcludeFilterContextCustomizer@3e34ace1, org.springframework.boot.test.json.DuplicateJsonObjectContextCustomizerFactory$DuplicateJsonObjectContextCustomizer@4de41af9, org.springframework.boot.test.mock.mockito.MockitoContextCustomizer@0, org.springframework.boot.test.context.SpringBootTestArgs@1, org.springframework.boot.test.context.SpringBootTestWebEnvironment@0], resourceBasePath = 'src/main/webapp', contextLoader = 'org.springframework.boot.test.context.SpringBootContextLoader', parent = [null]], attributes = map['org.springframework.test.context.event.ApplicationEventsTestExecutionListener.recordApplicationEvents' -> false]]].

  .   ____          _            __ _ _
 /\\ / ___'_ __ _ _(_)_ __  __ _ \ \ \ \
( ( )\___ | '_ | '_| | '_ \/ _` | \ \ \ \
 \\/  ___)| |_)| | | | | || (_| |  ) ) ) )
  '  |____| .__|_| |_|_| |_\__, | / / / /
 =========|_|==============|___/=/_/_/_/
 :: Spring Boot ::                (v2.7.1)

2022-07-10 16:27:56.349  INFO 55917 --- [    Test worker] c.p.s.a.ValidationControllerFeatureTest  : Starting ValidationControllerFeatureTest using Java 11.0.12 on MGC12FG5ZXMD6N.fbpld77.ford.com with PID 55917 (started by mseman4 in /Users/mseman4/Documents/GitHub/Spring-Boot-Validation/spring-boot-validation)
2022-07-10 16:27:56.350  INFO 55917 --- [    Test worker] c.p.s.a.ValidationControllerFeatureTest  : No active profile set, falling back to 1 default profile: "default"
2022-07-10 16:27:57.264  INFO 55917 --- [    Test worker] o.s.b.t.m.w.SpringBootMockServletContext : Initializing Spring TestDispatcherServlet ''
2022-07-10 16:27:57.265  INFO 55917 --- [    Test worker] o.s.t.web.servlet.TestDispatcherServlet  : Initializing Servlet ''
2022-07-10 16:27:57.265  INFO 55917 --- [    Test worker] o.s.t.web.servlet.TestDispatcherServlet  : Completed initialization in 0 ms
2022-07-10 16:27:57.287  INFO 55917 --- [    Test worker] c.p.s.a.ValidationControllerFeatureTest  : Started ValidationControllerFeatureTest in 1.234 seconds (JVM running for 2.037)
2022-07-10 16:27:57.574  INFO 55917 --- [    Test worker] o.s.b.t.m.w.SpringBootMockServletContext : Initializing Spring TestDispatcherServlet ''
2022-07-10 16:27:57.574  INFO 55917 --- [    Test worker] o.s.t.web.servlet.TestDispatcherServlet  : Initializing Servlet ''
2022-07-10 16:27:57.574  INFO 55917 --- [    Test worker] o.s.t.web.servlet.TestDispatcherServlet  : Completed initialization in 0 ms
2022-07-10 16:27:57.739 ERROR 55917 --- [    Test worker] c.p.s.e.ErrorHandlingControllerAdvice    : ConstraintViolationException happened: Invalid Password - Mooo
2022-07-10 16:27:57.791  INFO 55917 --- [    Test worker] o.s.b.t.m.w.SpringBootMockServletContext : Initializing Spring TestDispatcherServlet ''
2022-07-10 16:27:57.791  INFO 55917 --- [    Test worker] o.s.t.web.servlet.TestDispatcherServlet  : Initializing Servlet ''
2022-07-10 16:27:57.792  INFO 55917 --- [    Test worker] o.s.t.web.servlet.TestDispatcherServlet  : Completed initialization in 1 ms
2022-07-10 16:27:57.794 ERROR 55917 --- [    Test worker] c.p.s.e.ErrorHandlingControllerAdvice    : HttpMediaTypeNotSupportedException happened: Content type 'application/xml' not supported
2022-07-10 16:27:57.798  INFO 55917 --- [    Test worker] o.s.b.t.m.w.SpringBootMockServletContext : Initializing Spring TestDispatcherServlet ''
2022-07-10 16:27:57.798  INFO 55917 --- [    Test worker] o.s.t.web.servlet.TestDispatcherServlet  : Initializing Servlet ''
2022-07-10 16:27:57.799  INFO 55917 --- [    Test worker] o.s.t.web.servlet.TestDispatcherServlet  : Completed initialization in 1 ms
2022-07-10 16:27:57.801 ERROR 55917 --- [    Test worker] c.p.s.e.ErrorHandlingControllerAdvice    : MethodArgumentNotValidException happened: You must choose either: 'team' or 'squad'
2022-07-10 16:27:57.805  INFO 55917 --- [    Test worker] o.s.b.t.m.w.SpringBootMockServletContext : Initializing Spring TestDispatcherServlet ''
2022-07-10 16:27:57.805  INFO 55917 --- [    Test worker] o.s.t.web.servlet.TestDispatcherServlet  : Initializing Servlet ''
2022-07-10 16:27:57.805  INFO 55917 --- [    Test worker] o.s.t.web.servlet.TestDispatcherServlet  : Completed initialization in 0 ms
2022-07-10 16:27:57.807 ERROR 55917 --- [    Test worker] c.p.s.e.ErrorHandlingControllerAdvice    : MethodArgumentNotValidException happened: Your first name cannot be empty
2022-07-10 16:27:57.811  INFO 55917 --- [    Test worker] o.s.b.t.m.w.SpringBootMockServletContext : Initializing Spring TestDispatcherServlet ''
2022-07-10 16:27:57.811  INFO 55917 --- [    Test worker] o.s.t.web.servlet.TestDispatcherServlet  : Initializing Servlet ''
2022-07-10 16:27:57.812  INFO 55917 --- [    Test worker] o.s.t.web.servlet.TestDispatcherServlet  : Completed initialization in 1 ms
2022-07-10 16:27:57.813 ERROR 55917 --- [    Test worker] c.p.s.e.ErrorHandlingControllerAdvice    : MethodArgumentNotValidException happened: Your first name is too large
2022-07-10 16:27:57.820  INFO 55917 --- [    Test worker] o.s.b.t.m.w.SpringBootMockServletContext : Initializing Spring TestDispatcherServlet ''
2022-07-10 16:27:57.821  INFO 55917 --- [    Test worker] o.s.t.web.servlet.TestDispatcherServlet  : Initializing Servlet ''
2022-07-10 16:27:57.822  INFO 55917 --- [    Test worker] o.s.t.web.servlet.TestDispatcherServlet  : Completed initialization in 1 ms
2022-07-10 16:27:57.849 ERROR 55917 --- [    Test worker] c.p.s.e.ErrorHandlingControllerAdvice    : MethodArgumentNotValidException happened: You can only provide less than 10 names
2022-07-10 16:27:57.855  INFO 55917 --- [    Test worker] o.s.b.t.m.w.SpringBootMockServletContext : Initializing Spring TestDispatcherServlet ''
2022-07-10 16:27:57.855  INFO 55917 --- [    Test worker] o.s.t.web.servlet.TestDispatcherServlet  : Initializing Servlet ''
2022-07-10 16:27:57.856  INFO 55917 --- [    Test worker] o.s.t.web.servlet.TestDispatcherServlet  : Completed initialization in 1 ms
2022-07-10 16:27:57.859 ERROR 55917 --- [    Test worker] c.p.s.e.ErrorHandlingControllerAdvice    : MethodArgumentNotValidException happened: You must choose either: 'team' or 'squad'
2022-07-10 16:27:57.867  INFO 55917 --- [    Test worker] o.s.b.t.m.w.SpringBootMockServletContext : Initializing Spring TestDispatcherServlet ''
2022-07-10 16:27:57.868  INFO 55917 --- [    Test worker] o.s.t.web.servlet.TestDispatcherServlet  : Initializing Servlet ''
2022-07-10 16:27:57.868  INFO 55917 --- [    Test worker] o.s.t.web.servlet.TestDispatcherServlet  : Completed initialization in 0 ms
2022-07-10 16:27:57.871 ERROR 55917 --- [    Test worker] c.p.s.e.ErrorHandlingControllerAdvice    : MethodArgumentNotValidException happened: First names are required
2022-07-10 16:27:57.877  INFO 55917 --- [    Test worker] o.s.b.t.m.w.SpringBootMockServletContext : Initializing Spring TestDispatcherServlet ''
2022-07-10 16:27:57.877  INFO 55917 --- [    Test worker] o.s.t.web.servlet.TestDispatcherServlet  : Initializing Servlet ''
2022-07-10 16:27:57.878  INFO 55917 --- [    Test worker] o.s.t.web.servlet.TestDispatcherServlet  : Completed initialization in 0 ms
2022-07-10 16:27:57.880 ERROR 55917 --- [    Test worker] c.p.s.e.ErrorHandlingControllerAdvice    : MethodArgumentNotValidException happened: Your first name is invalid
2022-07-10 16:27:57.888  INFO 55917 --- [    Test worker] o.s.b.t.m.w.SpringBootMockServletContext : Initializing Spring TestDispatcherServlet ''
2022-07-10 16:27:57.889  INFO 55917 --- [    Test worker] o.s.t.web.servlet.TestDispatcherServlet  : Initializing Servlet ''
2022-07-10 16:27:57.890  INFO 55917 --- [    Test worker] o.s.t.web.servlet.TestDispatcherServlet  : Completed initialization in 1 ms
2022-07-10 16:27:57.893 ERROR 55917 --- [    Test worker] c.p.s.e.ErrorHandlingControllerAdvice    : HttpRequestMethodNotSupportedException happened: Request method 'DELETE' not supported
2022-07-10 16:27:57.900  INFO 55917 --- [    Test worker] o.s.b.t.m.w.SpringBootMockServletContext : Initializing Spring TestDispatcherServlet ''
2022-07-10 16:27:57.900  INFO 55917 --- [    Test worker] o.s.t.web.servlet.TestDispatcherServlet  : Initializing Servlet ''
2022-07-10 16:27:57.901  INFO 55917 --- [    Test worker] o.s.t.web.servlet.TestDispatcherServlet  : Completed initialization in 1 ms
2022-07-10 16:27:57.940  INFO 55917 --- [    Test worker] o.s.b.t.m.w.SpringBootMockServletContext : Initializing Spring TestDispatcherServlet ''
2022-07-10 16:27:57.940  INFO 55917 --- [    Test worker] o.s.t.web.servlet.TestDispatcherServlet  : Initializing Servlet ''
2022-07-10 16:27:57.941  INFO 55917 --- [    Test worker] o.s.t.web.servlet.TestDispatcherServlet  : Completed initialization in 1 ms

MockHttpServletRequest:
      HTTP Method = POST
      Request URI = /api/validation/players
       Parameters = {}
          Headers = [Content-Type:"application/json", Authorization:"taco", Content-Length:"162"]
             Body = <no character encoding set>
    Session Attrs = {}

Handler:
             Type = com.practice.springbootvalidation.api.ValidationController
           Method = com.practice.springbootvalidation.api.ValidationController#multiplePlayersLookup(String, MultiplePlayersRequest)

Async:
    Async started = false
     Async result = null

Resolved Exception:
             Type = null

ModelAndView:
        View name = null
             View = null
            Model = null

FlashMap:
       Attributes = null

MockHttpServletResponse:
           Status = 200
    Error message = null
          Headers = [Content-Type:"application/json"]
     Content type = application/json
             Body = {"teamPlayers":[{"firstName":"Billy","team":"Blue"},{"firstName":"Marco","team":"Blue"},{"firstName":"Jack","team":"Blue"}]}
    Forwarded URL = null
   Redirected URL = null
          Cookies = []
2022-07-10 16:27:57.955  INFO 55917 --- [    Test worker] o.s.b.t.m.w.SpringBootMockServletContext : Initializing Spring TestDispatcherServlet ''
2022-07-10 16:27:57.955  INFO 55917 --- [    Test worker] o.s.t.web.servlet.TestDispatcherServlet  : Initializing Servlet ''
2022-07-10 16:27:57.956  INFO 55917 --- [    Test worker] o.s.t.web.servlet.TestDispatcherServlet  : Completed initialization in 1 ms
]]></system-out>
  <system-err><![CDATA[]]></system-err>
</testsuite>
